2024-05-26 15:09:20,546 - INFO - log_creator - User deleted - Unknown - user123
2024-05-26 15:10:11,338 - ERROR - log_creator - Failed to create user - Test User - user123
2024-05-26 15:10:11,953 - ERROR - log_creator - Failed to fetch user data - Unknown - user123
2024-05-26 15:10:12,874 - INFO - log_creator - User token updated - Unknown - user123
2024-05-26 15:10:13,693 - INFO - log_creator - Balance updated - Unknown - user123
2024-05-26 15:10:14,309 - ERROR - log_creator - Failed to create trade - Test User - user123
2024-05-26 15:10:14,922 - ERROR - log_creator - Failed to create stock portfolio - Test User - user123
2024-05-26 15:10:15,434 - ERROR - log_creator - Failed to fetch stock data - Unknown - user123
2024-05-26 15:10:16,356 - INFO - log_creator - Stock updated - Unknown - user123
2024-05-26 15:11:49,039 - INFO - log_creator - User created - Test User - user123
2024-05-26 15:11:49,954 - INFO - log_creator - User data fetched - Unknown - user123
2024-05-26 15:11:51,111 - INFO - log_creator - User token updated - Unknown - user123
2024-05-26 15:11:52,207 - INFO - log_creator - Balance updated - Unknown - user123
2024-05-26 15:11:53,270 - INFO - log_creator - Trade created - Test User - user123
2024-05-26 15:11:54,357 - INFO - log_creator - Stock portfolio created - Test User - user123
2024-05-26 15:11:55,198 - INFO - log_creator - Stock data fetched - Unknown - user123
2024-05-26 15:11:56,405 - INFO - log_creator - Stock updated - Unknown - user123
2024-05-26 15:31:01,664 - INFO - log_creator - User data fetched - Unknown - user123
2024-05-26 15:31:02,864 - INFO - log_creator - User token updated - Unknown - user123
2024-05-26 15:31:44,382 - INFO - log_creator - User data fetched - Unknown - user123
2024-05-26 15:31:45,610 - INFO - log_creator - User token updated - Unknown - user123
2024-05-26 15:35:56,496 - INFO - log_creator - User data fetched - Unknown - user123
2024-05-26 15:35:57,597 - INFO - log_creator - User token updated - Unknown - user123
2024-05-26 15:38:23,648 - INFO - log_creator - User data fetched - Unknown - user123
2024-05-26 15:38:24,905 - INFO - log_creator - User token updated - Unknown - user123
2024-05-26 15:38:39,768 - ERROR - log_creator - Failed to fetch user data - Unknown - user12
2024-05-26 15:52:53,398 - INFO - log_creator - User data fetched - Unknown - user123
2024-05-26 15:54:55,435 - ERROR - log_creator - Failed to fetch user data - Unknown - user123
2024-05-26 15:57:32,674 - INFO - log_creator - User data fetched - Unknown - user123
2024-05-26 15:59:03,799 - INFO - log_creator - User data fetched - Unknown - user123
2024-05-26 16:01:25,619 - INFO - log_creator - User data fetched - Unknown - user123
2024-05-26 16:06:07,217 - INFO - log_creator - User data fetched - Unknown - user123
2024-05-26 16:08:31,884 - INFO - log_creator - User data fetched - Unknown - user123
2024-05-26 16:08:53,820 - INFO - log_creator - User data fetched - Unknown - user123
2024-05-26 16:09:12,003 - INFO - log_creator - User data fetched - Unknown - user12
2024-05-26 17:03:45,487 - INFO - log_creator - User created - Test User 2 - user12345
2024-05-26 17:05:27,679 - ERROR - log_creator - Failed to create user - Test User 2 - user12345
2024-05-26 17:32:57,734 - INFO - User created - Test User 2 - user12345678
2024-05-26 18:29:00,220 - INFO - Test log message - Database - user123456
2024-05-26 18:49:56,845 - Test log message
2024-05-26 19:11:30,445 - Test log message
2024-05-26 19:12:32,278 - User created
2024-05-26 19:14:52,045 - User created
2024-05-26 19:15:40,395 - Failed to create user
2024-05-26 19:15:42,008 - User data fetched
2024-05-26 19:20:58,932 - Failed to create user
2024-05-26 19:21:05,253 - User data fetched
2024-05-26 19:25:52,671 - Failed to create user
2024-05-26 19:25:54,514 - User data fetched
2024-05-26 19:26:50,114 - User token updated
2024-05-26 19:26:50,831 - Balance updated
2024-05-26 19:26:51,582 - Trade created
2024-05-26 19:26:52,241 - Stock portfolio created
2024-05-26 19:26:53,391 - Stock data fetched
2024-05-26 19:27:07,883 - User token updated
2024-05-26 19:27:08,750 - Balance updated
2024-05-26 19:27:09,673 - Trade created
2024-05-26 19:27:10,532 - Stock portfolio created
2024-05-26 19:27:11,825 - Stock data fetched
2024-05-26 19:27:13,770 - Stock updated
2024-05-26 19:29:07,631 - Stock data fetched
2024-05-26 19:29:27,086 - Stock data fetched
2024-05-26 19:30:25,349 - Stock data fetched
2024-05-26 19:30:37,023 - Failed to create user
2024-05-26 19:33:13,996 - Failed to create user
2024-05-26 19:33:15,839 - User data fetched
2024-05-26 19:36:00,342 - Failed to create user
2024-05-26 19:36:01,721 - User data fetched
2024-05-26 19:37:45,461 - User data fetched
2024-05-26 19:38:17,741 - User token updated
2024-05-26 19:38:19,445 - Balance updated
2024-05-26 19:38:21,404 - Trade created
2024-05-26 19:38:22,619 - Stock portfolio created
2024-05-26 19:38:23,951 - Stock data fetched
2024-05-26 19:39:42,796 - User token updated
2024-05-26 19:39:44,331 - Balance updated
2024-05-26 19:39:45,267 - Trade created
2024-05-26 19:39:47,919 - Stock portfolio created
2024-05-26 19:40:36,964 - User token updated
2024-05-26 19:40:38,109 - Balance updated
2024-05-26 19:40:39,154 - Trade created
2024-05-26 19:40:40,446 - Stock portfolio created
2024-05-26 19:40:43,041 - Stock data fetched
2024-05-26 19:40:44,372 - Stock updated
2024-05-26 20:15:22,945 - Failed to fetch user data
2024-05-26 20:16:59,720 - User data fetched
2024-05-26 20:17:00,692 - User token updated
2024-05-26 20:17:34,743 - User data fetched
2024-05-26 20:17:36,074 - User token updated
2024-05-26 20:18:09,561 - User data fetched
2024-05-26 20:18:10,482 - User token updated
2024-05-26 20:18:11,674 - User data fetched
2024-05-26 20:18:23,795 - Failed to fetch user data
2024-05-26 20:18:24,860 - Failed to fetch user data
2024-05-26 20:18:51,752 - User data fetched
2024-05-26 20:18:52,571 - User token updated
2024-05-26 20:18:53,750 - User data fetched
2024-05-26 20:20:04,870 - User data fetched
2024-05-26 20:20:06,918 - User token updated
2024-05-26 20:20:08,044 - User data fetched
2024-05-26 20:20:30,831 - User data fetched
2024-05-26 20:20:31,598 - User token updated
2024-05-26 20:20:34,363 - User data fetched
2024-05-26 20:21:42,770 - User data fetched
2024-05-26 20:23:58,336 - User data fetched
2024-05-26 20:26:01,295 - User data fetched
2024-05-26 20:29:33,377 - User data fetched
2024-05-26 20:29:34,857 - Failed to fetch stock data
2024-05-26 20:29:35,983 - Trade created
2024-05-26 20:29:36,905 - Stock portfolio created
2024-05-26 20:29:37,930 - Balance updated
2024-05-26 20:30:45,071 - User data fetched
2024-05-26 20:31:17,421 - User data fetched
2024-05-26 20:31:18,944 - Failed to fetch stock data
2024-05-26 20:34:26,437 - User data fetched
2024-05-26 20:34:27,837 - Stock data fetched
2024-05-26 20:34:38,179 - User data fetched
2024-05-26 20:34:39,264 - Stock data fetched
2024-05-26 20:34:40,637 - Trade created
2024-05-26 20:34:41,354 - Stock updated
2024-05-26 20:34:43,197 - Balance updated
2024-05-26 20:36:05,940 - User data fetched
2024-05-26 20:36:08,045 - Stock data fetched
2024-05-26 20:36:09,174 - Trade created
2024-05-26 20:36:09,870 - Stock updated
2024-05-26 20:36:10,528 - Balance updated
